[debug] ----------------------------------------------------------------------
[debug] Command:      /usr/local/bin/node /usr/local/bin/firebase deploy
[debug] CLI Version:  3.0.8
[debug] Platform:     darwin
[debug] Node Version: v6.8.1
[debug] Time:         Thu Oct 27 2016 00:04:41 GMT-0500 (CDT)
[debug] ----------------------------------------------------------------------
[debug] 
[debug] > command requires scopes: ["email","openid","https://www.googleapis.com/auth/cloudplatformprojects.readonly","https://www.googleapis.com/auth/firebase"]
[debug] > refreshing access token with scopes: ["email","https://www.googleapis.com/auth/cloudplatformprojects.readonly","https://www.googleapis.com/auth/firebase","openid"]
[debug] >>> HTTP REQUEST POST https://www.googleapis.com/oauth2/v3/token
[debug] <<< HTTP RESPONSE 200
[debug] >>> HTTP REQUEST GET https://admin.firebase.com/v1/projects/unete-webapp 
[debug] <<< HTTP RESPONSE 200
[debug] >>> HTTP REQUEST GET https://admin.firebase.com/v1/database/unete-webapp/tokens 
[debug] <<< HTTP RESPONSE 200
[info] 
[info] === Deploying to 'unete-webapp'...
[info] 
[info] i  deploying database, hosting
[info] ✔  database: rules ready to deploy.
[info] i  hosting: preparing build directory for upload...
[debug] >>> HTTP REQUEST PUT https://deploy.firebase.com/v1/hosting/unete-webapp/uploads/-KV3XALnTWMB2q27E7Ww?fileCount=55&message= 
[debug] Error: socket hang up
    at createHangUpError (_http_client.js:254:15)
    at TLSSocket.socketOnEnd (_http_client.js:346:23)
    at emitNone (events.js:91:20)
    at TLSSocket.emit (events.js:185:7)
    at endReadableNT (_stream_readable.js:974:12)
    at _combinedTickCallback (internal/process/next_tick.js:74:11)
    at process._tickCallback (internal/process/next_tick.js:98:9)
[error] 
[error] Error: Server Error. socket hang up
[debug] ----------------------------------------------------------------------
[debug] Command:      /usr/local/bin/node /usr/local/bin/firebase deploy
[debug] CLI Version:  3.0.8
[debug] Platform:     darwin
[debug] Node Version: v6.8.1
[debug] Time:         Thu Oct 27 2016 00:08:52 GMT-0500 (CDT)
[debug] ----------------------------------------------------------------------
[debug] 
[debug] > command requires scopes: ["email","openid","https://www.googleapis.com/auth/cloudplatformprojects.readonly","https://www.googleapis.com/auth/firebase"]
[debug] >>> HTTP REQUEST GET https://admin.firebase.com/v1/projects/unete-webapp 
